<?xml version="1.0" encoding="UTF-8"?>
<!-- Generated by org.testng.reporters.JUnitXMLReporter -->
<testsuite ignored="0" hostname="TEO-kamal" failures="1" tests="11" name="Regression" time="21.08" errors="0" timestamp="2022-04-24T02:53:13 PKT">
  <testcase classname="com.pom_testcases.pom_homepageTest" name="Home" time="0.019"/>
  <testcase classname="com.pom_testcases.pom_loginpageTest" name="signin" time="8.048"/>
  <testcase classname="com.pom_testcases.pom_loginpageTest" name="url_verificaiton" time="0.015"/>
  <testcase classname="com.pom_testcases.pom_loginpageTest" name="admin_tab_verificaiton" time="0.01"/>
  <testcase classname="com.pom_testcases.pom_adminPageTest" name="Home" time="0.035"/>
  <testcase classname="com.pom_testcases.pom_adminPageTest" name="welcome" time="0.029"/>
  <testcase classname="com.pom_testcases.pom_adminPanelpageTest" name="adm" time="3.983"/>
  <testcase classname="com.pom_testcases.pom_adminPanelpageTest" name="sea_bt" time="0.039"/>
  <testcase classname="com.pom_testcases.pom_adminPanelpageTest" name="res_bt" time="0.024"/>
  <testcase classname="com.pom_testcases.pom_adminPanelpageTest" name="ad_bt" time="0.026"/>
  <testcase classname="com.pom_testcases.pom_adminPanelpageTest" name="dlt_bt" time="0.025">
    <failure type="org.openqa.selenium.InvalidSelectorException" message="invalid selector: Unable to locate an element with the xpath expression //input[@id=&amp;apos;btnDelete&amp;apos;]&amp;apos;] because of the following error:
SyntaxError: Failed to execute &amp;apos;evaluate&amp;apos; on &amp;apos;Document&amp;apos;: The string &amp;apos;//input[@id=&amp;apos;btnDelete&amp;apos;]&amp;apos;]&amp;apos; is not a valid XPath expression.
  (Session info: chrome=100.0.4896.127)
For documentation on this error, please visit: https://selenium.dev/exceptions/#invalid_selector_exception
Build info: version: &amp;apos;4.0.0-rc-1&amp;apos;, revision: &amp;apos;bc5511cbda&amp;apos;
System info: host: &amp;apos;TEO-KAMAL&amp;apos;, ip: &amp;apos;192.168.0.110&amp;apos;, os.name: &amp;apos;Windows 10&amp;apos;, os.arch: &amp;apos;amd64&amp;apos;, os.version: &amp;apos;10.0&amp;apos;, java.version: &amp;apos;12.0.2&amp;apos;
Driver info: org.openqa.selenium.chrome.ChromeDriver
Command: [f9f25f018d1f8630eb93c267bab0e07f, findElement {using=xpath, value=//input[@id=&amp;apos;btnDelete&amp;apos;]&amp;apos;]}]
Capabilities {acceptInsecureCerts: true, browserName: chrome, browserVersion: 100.0.4896.127, chrome: {chromedriverVersion: 100.0.4896.60 (6a5d10861ce8..., userDataDir: C:\Users\ANWAR~1.KAM\AppDat...}, goog:chromeOptions: {debuggerAddress: localhost:5601}, javascriptEnabled: true, networkConnectionEnabled: false, pageLoadStrategy: normal, platform: WINDOWS, platformName: WINDOWS, proxy: Proxy(), se:cdp: ws://localhost:5601/devtool..., se:cdpVersion: 100.0.4896.127, setWindowRect: true, strictFileInteractability: false, timeouts: {implicit: 0, pageLoad: 300000, script: 30000}, unhandledPromptBehavior: dismiss and notify, webauthn:extension:credBlob: true, webauthn:extension:largeBlob: true, webauthn:virtualAuthenticators: true}
Session ID: f9f25f018d1f8630eb93c267bab0e07f">
      <![CDATA[org.openqa.selenium.InvalidSelectorException: invalid selector: Unable to locate an element with the xpath expression //input[@id='btnDelete']'] because of the following error:
SyntaxError: Failed to execute 'evaluate' on 'Document': The string '//input[@id='btnDelete']']' is not a valid XPath expression.
  (Session info: chrome=100.0.4896.127)
For documentation on this error, please visit: https://selenium.dev/exceptions/#invalid_selector_exception
Build info: version: '4.0.0-rc-1', revision: 'bc5511cbda'
System info: host: 'TEO-KAMAL', ip: '192.168.0.110', os.name: 'Windows 10', os.arch: 'amd64', os.version: '10.0', java.version: '12.0.2'
Driver info: org.openqa.selenium.chrome.ChromeDriver
Command: [f9f25f018d1f8630eb93c267bab0e07f, findElement {using=xpath, value=//input[@id='btnDelete']']}]
Capabilities {acceptInsecureCerts: true, browserName: chrome, browserVersion: 100.0.4896.127, chrome: {chromedriverVersion: 100.0.4896.60 (6a5d10861ce8..., userDataDir: C:\Users\ANWAR~1.KAM\AppDat...}, goog:chromeOptions: {debuggerAddress: localhost:5601}, javascriptEnabled: true, networkConnectionEnabled: false, pageLoadStrategy: normal, platform: WINDOWS, platformName: WINDOWS, proxy: Proxy(), se:cdp: ws://localhost:5601/devtool..., se:cdpVersion: 100.0.4896.127, setWindowRect: true, strictFileInteractability: false, timeouts: {implicit: 0, pageLoad: 300000, script: 30000}, unhandledPromptBehavior: dismiss and notify, webauthn:extension:credBlob: true, webauthn:extension:largeBlob: true, webauthn:virtualAuthenticators: true}
Session ID: f9f25f018d1f8630eb93c267bab0e07f
at org.openqa.selenium.remote.codec.w3c.W3CHttpResponseCodec.createException(W3CHttpResponseCodec.java:200)
at org.openqa.selenium.remote.codec.w3c.W3CHttpResponseCodec.decode(W3CHttpResponseCodec.java:133)
at org.openqa.selenium.remote.codec.w3c.W3CHttpResponseCodec.decode(W3CHttpResponseCodec.java:53)
at org.openqa.selenium.remote.HttpCommandExecutor.execute(HttpCommandExecutor.java:184)
at org.openqa.selenium.remote.service.DriverCommandExecutor.invokeExecute(DriverCommandExecutor.java:164)
at org.openqa.selenium.remote.service.DriverCommandExecutor.execute(DriverCommandExecutor.java:139)
at org.openqa.selenium.remote.RemoteWebDriver.execute(RemoteWebDriver.java:547)
at org.openqa.selenium.remote.ElementLocation$ElementFinder$2.findElement(ElementLocation.java:162)
at org.openqa.selenium.remote.ElementLocation.findElement(ElementLocation.java:60)
at org.openqa.selenium.remote.RemoteWebDriver.findElement(RemoteWebDriver.java:381)
at org.openqa.selenium.remote.RemoteWebDriver.findElement(RemoteWebDriver.java:373)
at org.openqa.selenium.support.pagefactory.DefaultElementLocator.findElement(DefaultElementLocator.java:70)
at org.openqa.selenium.support.pagefactory.internal.LocatingElementHandler.invoke(LocatingElementHandler.java:39)
at com.sun.proxy.$Proxy16.isDisplayed(Unknown Source)
at com.pom.pages.admin_panelPage.del_but(admin_panelPage.java:46)
at com.pom_testcases.pom_adminPanelpageTest.dlt_bt(pom_adminPanelpageTest.java:59)
at java.base/java.util.ArrayList.forEach(ArrayList.java:1540)
... Removed 32 stack frames]]>
    </failure>
  </testcase> <!-- dlt_bt -->
</testsuite> <!-- Regression -->
